License granted to: ##regstring
Version: 16.1.00XX
OS: Windows NT 6.01 64 bit
CodePage: 1252
Compiled for: VFP6
Run under: Visual FoxPro 06.00.8167.00 for Windows
Main Level: M:\LEGACY_APPS\FRACCTREPORTS_MASTER\XFRX\DIAGNOSIS.FXP
XFRX Level: M:\LEGACY_APPS\FRACCTREPORTS_MASTER\XFRX\DIAGNOSIS.FXP
XFRX#INIT: 1 File 'xfrx.prg' does not exist.

Locale info
===========


	LOCALE_IDEFAULTLANGUAGE: 1033
	LOCALE_IDEFAULTCOUNTRY: 1
	LOCALE_IDEFAULTCODEPAGE: 437
	LOCALE_IDEFAULTANSICODEPAGE: 1252
	LOCALE_IDEFAULTMACCODEPAGE: 10000

LOCALE_USER_DEFAULT
	LOCALE_IDEFAULTLANGUAGE: 1033
	LOCALE_IDEFAULTCOUNTRY: 1
	LOCALE_IDEFAULTCODEPAGE: 437
	LOCALE_IDEFAULTANSICODEPAGE: 1252
	LOCALE_IDEFAULTMACCODEPAGE: 10000

LOCALE_USER_SYSTEM
	LOCALE_IDEFAULTLANGUAGE: 1033
	LOCALE_IDEFAULTCOUNTRY: 1
	LOCALE_IDEFAULTCODEPAGE: 437
	LOCALE_IDEFAULTANSICODEPAGE: 1252
	LOCALE_IDEFAULTMACCODEPAGE: 10000

LOCALE_CUSTOM_DEFAULT
	LOCALE_IDEFAULTLANGUAGE: 1033
	LOCALE_IDEFAULTCOUNTRY: 1
	LOCALE_IDEFAULTCODEPAGE: 437
	LOCALE_IDEFAULTANSICODEPAGE: 1252
	LOCALE_IDEFAULTMACCODEPAGE: 10000


SET CLASSLIB: 
SET PROCEDURE: 

CURRDIR: M:\LEGACY_APPS\FRACCTREPORTS_MASTER\XFRX\
SET PATH: M:\LEGACY_APPS\FRANACCTREPORTS_MASTER\PROGRAMS
SYS PATH:                                                                                                                                                                                                                                                                                                                                                                                                                                                                                                                                                                                                                                                                                                                                                                                                                                                                                                                                                                                                                                                                 
TMP PATH: C:\USERS\KCAVAN~1\APPDATA\LOCAL\TEMP


xfrxlib.vcx: failed - not exists


xfrxlib.fll: M:\LEGACY_APPS\FRACCTREPORTS_MASTER\XFRX\XFRXLIB.FLL
xfrxlib.fll - date: 2013-10-31
xfrxlib.fll - size: 86016
xfrxlib.fll version: 129
xfrxlib.fll version required: 132
xfrxlib.fll - dump error: 0
xfrxlib.fll - fll functions: 
	_XFDEC
	_XFWID
	_XFIMAGES
	_XFCONVERTIMAGE
	_XFBMP2
	_XFTESTIMAGE
	_XFGETVERSION
	_XFIMAGEBPP

xfrxlib.fll - exported functions:
	@DispatchAPI@4
	_xfDeleteMetafile
	_xfDrawCachedBitmap
	_xfDrawMetafile
	_xfGetGetCachedBitmap
	_xfGetMetafile
	_xfRegisterCanvas
	_xfTrim
	_xfUnregisterCanvas
	_xfWordWrap
	_xfgdipShutdown
	_xfgdipStartup

xfrxlib.fll - Imported functions: 
	WINSPOOL.DRV 
		OpenPrinterA
		DocumentPropertiesA
		ClosePrinter
	gdiplus.dll 
		GdipSetSmoothingMode
		GdipSaveAdd
		GdipDeleteStringFormat
		GdipDrawString
		GdipFillRegion
		GdipGetStringFormatMeasurableCharacterRangeCount
		GdipSetStringFormatMeasurableCharacterRanges
		GdipSetStringFormatAlign
		GdipSetStringFormatTrimming
		GdipSetStringFormatFlags
		GdipSetStringFormatTabStops
		GdipCreateStringFormat
		GdipRestoreGraphics
		GdipDrawImagePointRectI
		GdipGetImageHorizontalResolution
		GdipGetImageVerticalResolution
		GdipSaveGraphics
		GdipCreateHatchBrush
		GdipDeletePath
		GdipDrawPath
		GdipFillPath
		GdipClosePathFigure
		GdipAddPathLineI
		GdipAddPathArcI
		GdipCreatePath
		GdipDeletePen
		GdipSetPenDashStyle
		GdipCreatePen1
		GdipGetDpiY
		GdipRecordMetafileFileName
		GdipRecordMetafile
		GdipRotateWorldTransform
		GdipTranslateWorldTransform
		GdipSetPageScale
		GdipDrawImageRect
		GdipGetCellAscent
		GdipGetFamily
		GdipCreateFontFamilyFromName
		GdipGetGenericFontFamilySansSerif
		GdipDeleteFontFamily
		GdipCreateFont
		GdipMeasureString
		GdipGetLineSpacing
		GdipGetFontSize
		GdipGetEmHeight
		GdipDeleteFont
		GdipLoadImageFromFileICM
		GdipLoadImageFromFile
		GdipGetImagePixelFormat
		GdipSaveImageToFile
		GdipBitmapSetResolution
		GdipBitmapLockBits
		GdipBitmapUnlockBits
		GdipGetImageEncodersSize
		GdipGetImageEncoders
		GdipCloneBrush
		GdipDeleteBrush
		GdipCreateSolidFill
		GdipCreatePen2
		GdipDrawLineI
		GdipFillRectangleI
		GdipDrawImageRectRectI
		GdipDrawRectangleI
		GdiplusShutdown
		GdiplusStartup
		GdipCreateFromHWNDICM
		GdipCreateFromHWND
		GdipDrawImageRectI
		GdipCreateBitmapFromScan0
		GdipGetImageHeight
		GdipGetImageWidth
		GdipGetImageGraphicsContext
		GdipDrawImageI
		GdipDeleteGraphics
		GdipSetPageUnit
		GdipCreateFromHDC
		GdipFillRectangle
		GdipMeasureCharacterRanges
		GdipCreateRegion
		GdipDeleteRegion
		GdipSaveAddImage
		GdipCloneImage
		GdipDisposeImage
		GdipFree
		GdipCreateMetafileFromFile
		GdipAlloc
		GdipGetImageThumbnail
		GdipCreateBitmapFromFile
		GdipCreateBitmapFromFileICM
	MSVCP71.dll 
		?_Nomemory@std@@YAXXZ
	MSVCR71.dll 
		_setjmp3
		strlen
		sprintf
		__CxxFrameHandler
		_onexit
		__dllonexit
		__CppXcptFilter
		_adjust_fdiv
		_initterm
		?terminate@@YAXXZ
		_except_handler3
		__security_error_handler
		_callnewh
		longjmp
		setlocale
		wcscpy
		??_V@YAXPAX@Z
		??3@YAXPAX@Z
		memmove
		mbstowcs
		memset
		malloc
		wcscmp
		free
		abs
	KERNEL32.dll 
		FreeLibrary
		GetCurrentProcess
		CloseHandle
		GetModuleFileNameA
		GetSystemTimeAsFileTime
		GetCurrentProcessId
		GetCurrentThreadId
		GetTickCount
		QueryPerformanceCounter
		DebugBreak
		LoadLibraryA
		GetProcAddress
		RaiseException
		ExitProcess
		TlsFree
		DeleteCriticalSection
		InitializeCriticalSection
		GetVersionExA
		GlobalFree
		GlobalAlloc
		GlobalLock
		GlobalUnlock
		EnterCriticalSection
		DisableThreadLibraryCalls
		TlsAlloc
		TlsGetValue
		HeapAlloc
		TlsSetValue
		LeaveCriticalSection
		GetProcessHeap
		HeapFree
		MultiByteToWideChar
	USER32.dll 
		GetDC
		CallWindowProcA
		ReleaseDC
		SetWindowLongA
	GDI32.dll 
		CreateDCA
		StartDocA
		ResetDCA
		StartPage
		EndPage
		EndDoc
		DeleteDC
		GetDeviceCaps


hndlib.dll: m:\legacy_apps\fracctreports_master\xfrx\hndlib.dll
hndlib.dll - date: 2013-05-03
hndlib.dll - size: 131072
hndlib.dll version: 123
hndlib.dll version required: 126
hndlib.dll - dump error: 0

hndlib.dll - exported functions:
	?getPar@@YAHH@Z
	_eqFSO_Append
	_eqFSO_AppendAsUnicode
	_eqFSO_Assign
	_eqFSO_Deallocate
	_eqFSO_FormatString4Float
	_eqFSO_GetInt
	_eqFSO_GetLength
	_eqFSO_GetMemoryPointer
	_eqFSO_PDF_AddBox
	_eqFSO_SetColor
	_eqFSO_Substr
	_eqFSO_setup
	_eq_fontProcessor_AddText
	_eq_fontProcessor_Destroy
	_eq_fontProcessor_GetCount
	_eq_fontProcessor_Init
	_eq_fontProcessor_WriteFontFiles
	_hn_MakeUnicodeString
	_hn_ToUnicode
	base64
	bmp2wmf
	computeKeys
	convertFormatString
	dobmp
	encryptFile
	encryptPDFContent
	esab64
	fontsub
	formatBIDIString
	getFParam
	getVersion
	mkPDFString
	ww

hndlib.dll - Imported functions: 
	zlib.dll M:\LEGACY_APPS\FRACCTREPORTS_MASTER\XFRX\ZLIB.DLL
		deflateInit_
		deflateEnd
		deflate
	KERNEL32.dll C:\WINDOWS\SYSTEM32\KERNEL32.DLL
		GetSystemInfo
		MultiByteToWideChar
		VirtualProtect
		EnterCriticalSection
		LeaveCriticalSection
		RaiseException
		RtlUnwind
		HeapFree
		HeapAlloc
		GetCurrentThreadId
		GetCommandLineA
		GetVersionExA
		GetLastError
		ReadFile
		WriteFile
		CloseHandle
		SetHandleCount
		GetStdHandle
		GetFileType
		GetStartupInfoA
		DeleteCriticalSection
		ExitProcess
		GetProcAddress
		GetModuleHandleA
		TerminateProcess
		GetCurrentProcess
		SetUnhandledExceptionFilter
		TlsAlloc
		SetLastError
		TlsFree
		TlsSetValue
		TlsGetValue
		HeapDestroy
		HeapCreate
		VirtualFree
		VirtualAlloc
		HeapReAlloc
		IsBadWritePtr
		SetFilePointer
		GetModuleFileNameA
		FreeEnvironmentStringsA
		GetEnvironmentStrings
		FreeEnvironmentStringsW
		WideCharToMultiByte
		GetEnvironmentStringsW
		UnhandledExceptionFilter
		HeapSize
		InterlockedExchange
		VirtualQuery
		SetStdHandle
		FlushFileBuffers
		InitializeCriticalSection
		CreateFileA
		IsBadReadPtr
		IsBadCodePtr
		GetACP
		GetOEMCP
		GetCPInfo
		LoadLibraryA
		QueryPerformanceCounter
		GetTickCount
		GetCurrentProcessId
		GetSystemTimeAsFileTime
		SetEndOfFile
		GetLocaleInfoA
		GetStringTypeA
		GetStringTypeW
		LCMapStringA
		LCMapStringW
	USER32.dll C:\WINDOWS\SYSTEM32\USER32.DLL
		LoadImageA
	GDI32.dll C:\WINDOWS\SYSTEM32\GDI32.DLL
		CreateDCA
		GetCharABCWidthsA
		GetOutlineTextMetricsA
		CreateCompatibleDC
		CreateMetaFileA
		GetObjectA
		StretchBlt
		CloseMetaFile
		DeleteDC
		DeleteObject
		SelectObject
		CreateFontIndirectA
		GetFontData
		SetMapMode
		DPtoLP
		GetDeviceCaps
		GetTextExtentPoint32A
		GetTextMetricsA
		DeleteMetaFile


zlib.dll: m:\legacy_apps\fracctreports_master\xfrx\zlib.dll
zlib.dll - date: 2005-12-12
zlib.dll - size: 72192
zlib.dll - version: 1.2.1.0
zlib.dll - dump error: 0

zlib.dll - exported functions:
	adler32
	compress
	compress2
	compressBound
	crc32
	deflate
	deflateBound
	deflateCopy
	deflateEnd
	deflateInit2_
	deflateInit_
	deflateParams
	deflatePrime
	deflateReset
	deflateSetDictionary
	fill_win32_filefunc
	get_crc_table
	gzclearerr
	gzclose
	gzdopen
	gzeof
	gzerror
	gzflush
	gzgetc
	gzgets
	gzopen
	gzprintf
	gzputc
	gzputs
	gzread
	gzrewind
	gzseek
	gzsetparams
	gztell
	gzungetc
	gzwrite
	inflate
	inflateBack
	inflateBackEnd
	inflateBackInit_
	inflateCopy
	inflateEnd
	inflateInit2_
	inflateInit_
	inflateReset
	inflateSetDictionary
	inflateSync
	inflateSyncPoint
	uncompress
	unzClose
	unzCloseCurrentFile
	unzGetCurrentFileInfo
	unzGetFilePos
	unzGetGlobalComment
	unzGetGlobalInfo
	unzGetLocalExtrafield
	unzGoToFilePos
	unzGoToFirstFile
	unzGoToNextFile
	unzLocateFile
	unzOpen
	unzOpen2
	unzOpenCurrentFile
	unzOpenCurrentFile2
	unzOpenCurrentFile3
	unzOpenCurrentFilePassword
	unzReadCurrentFile
	unzStringFileNameCompare
	unzeof
	unztell
	zError
	zipClose
	zipCloseFileInZip
	zipCloseFileInZipRaw
	zipOpen
	zipOpen2
	zipOpenNewFileInZip
	zipOpenNewFileInZip2
	zipOpenNewFileInZip3
	zipWriteInFileInZip
	zlibCompileFlags
	zlibVersion

zlib.dll - Imported functions: 
	CRTDLL.dll 
		fwrite
		fread
		_errno
		fclose
		free
		_vsnprintf
		fflush
		fseek
		fputc
		malloc
		clearerr
		ftell
		fprintf
		_fdopen
		fopen
		sprintf
		rand
		srand
		time
		_initterm
	KERNEL32.dll 
		CloseHandle
		CreateFileA
		GetLastError
		ReadFile
		WriteFile
		SetFilePointer
		GlobalFree
		GlobalAlloc
		GetVersion


foxtools.fll: failed - not exists


Needed DLLs
	WINSPOOL.DRV
	gdiplus.dll
	MSVCP71.dll
	MSVCR71.dll
	KERNEL32.dll
	USER32.dll
	GDI32.dll
	CRTDLL.dll
	KERNEL32.dll
	zlib.dll
	KERNEL32.dll
	USER32.dll
	GDI32.dll


PATH: M:\LEGACY_APPS\FRACCTREPORTS_MASTER\XFRX\
	zlib.dll, date: 2005-12-12 14:43:44, size: 72192, version: 1.2.1.0


MODULES:
	VFP6.EXE C:\Program Files (x86)\Microsoft Visual Studio\Vfp98\, date: 1998-06-16, size: 4192528, version: 6.0.8167.0
	ntdll.dll C:\Windows\SysWOW64\, date: 2016-02-11, size: 1314328, version: 6.1.7600.16385 (win7_rtm.090713-1255)
	kernel32.dll C:\Windows\syswow64\, date: 2016-02-11, size: 1114112, version: 6.1.7601.18015 (win7sp1_gdr.121129-1432)
	KERNELBASE.dll C:\Windows\syswow64\, date: 2016-02-11, size: 275456, version: 6.1.7601.18015 (win7sp1_gdr.121129-1432)
	USER32.dll C:\Windows\syswow64\, date: 2015-11-10, size: 833024, version: 6.1.7601.17514 (win7sp1_rtm.101119-1850)
	GDI32.dll C:\Windows\syswow64\, date: 2016-05-18, size: 312832, version: 6.1.7601.23457 (win7sp1_ldr.160518-0600)
	LPK.dll C:\Windows\syswow64\, date: 2016-05-13, size: 25600, version: 6.1.7601.23453 (win7sp1_ldr.160513-1233)
	USP10.dll C:\Windows\syswow64\, date: 2015-11-03, size: 627712, version: 1.0626.7601.19054 (win7sp1_gdr.151103-0600)
	msvcrt.dll C:\Windows\syswow64\, date: 2013-04-16, size: 690688, version: 7.0.7601.17744 (win7sp1_gdr.111215-1535)
	ADVAPI32.dll C:\Windows\syswow64\, date: 2016-02-11, size: 642560, version: 6.1.7601.19160 (win7sp1_gdr.160211-0600)
	sechost.dll C:\Windows\SysWOW64\, date: 2015-05-25, size: 92160, version: 6.1.7600.16385 (win7_rtm.090713-1255)
	RPCRT4.dll C:\Windows\syswow64\, date: 2016-07-08, size: 666112, version: 6.1.7600.16385 (win7_rtm.090713-1255)
	SspiCli.dll C:\Windows\syswow64\, date: 2016-07-08, size: 96768, version: 6.1.7601.23497 (win7sp1_ldr.160708-0600)
	CRYPTBASE.dll C:\Windows\syswow64\, date: 2016-07-08, size: 36352, version: 6.1.7601.23497 (win7sp1_ldr.160708-0600)
	WINSPOOL.DRV C:\Windows\system32\, date: 2010-11-20, size: 320000, version: 6.1.7600.16385 (win7_rtm.090713-1255)
	comdlg32.dll C:\Windows\syswow64\, date: 2010-11-20, size: 485888, version: 6.1.7600.16385 (win7_rtm.090713-1255)
	SHLWAPI.dll C:\Windows\syswow64\, date: 2010-11-20, size: 350208, version: 6.1.7600.16385 (win7_rtm.090713-1255)
	COMCTL32.dll C:\Windows\WinSxS\x86_microsoft.windows.common-controls_6595b64144ccf1df_5.82.7601.18837_none_ec86b8d6858ec0bc\, date: 2015-04-24, size: 530432, version: 5.82 (win7_rtm.090713-1255)
	SHELL32.dll C:\Windows\syswow64\, date: 2016-01-22, size: 12877824, version: 6.1.7601.19135 (win7sp1_gdr.160121-1718)
	VERSION.dll C:\Windows\system32\, date: 2009-07-13, size: 21504, version: 6.1.7600.16385 (win7_rtm.090713-1255)
	MPR.dll C:\Windows\system32\, date: 2009-07-13, size: 64000, version: 6.1.7600.16385 (win7_rtm.090713-1255)
	OLEAUT32.dll C:\Windows\syswow64\, date: 2016-02-03, size: 572416, version: 6.1.7601.19144
	ole32.dll C:\Windows\syswow64\, date: 2016-01-16, size: 1413632, version: 6.1.7600.16385 (win7_rtm.090713-1255)
	WINMM.dll C:\Windows\system32\, date: 2010-11-20, size: 194048, version: 6.1.7600.16385 (win7_rtm.090713-1255)
	apphelp.dll C:\Windows\system32\, date: 2015-10-29, size: 295936, version: 6.1.7600.16385 (win7_rtm.090713-1255)
	AcXtrnal.DLL C:\Windows\AppPatch\, date: 2015-10-29, size: 211968, version: 6.1.7601.19050 (win7sp1_gdr.151029-0600)
	IMM32.DLL C:\Windows\system32\, date: 2010-11-20, size: 119808, version: 6.1.7601.17514 (win7sp1_rtm.101119-1850)
	MSCTF.dll C:\Windows\syswow64\, date: 2015-01-16, size: 828928, version: 6.1.7600.16385 (win7_rtm.090713-1255)
	nvinit.dll C:\Windows\SysWOW64\, date: 2015-04-08, size: 156840, version: 9.18.13.4535
	detoured.dll C:\Program Files (x86)\NVIDIA Corporation\CoProcManager\, date: 2015-04-08, size: 10952, version: 
	nvd3d9wrap.dll C:\Program Files (x86)\NVIDIA Corporation\CoProcManager\, date: 2015-04-08, size: 159400, version: 9.18.13.4535
	SETUPAPI.dll C:\Windows\syswow64\, date: 2010-11-20, size: 1667584, version: 6.1.7600.16385 (win7_rtm.090713-1255)
	CFGMGR32.dll C:\Windows\syswow64\, date: 2011-12-08, size: 145920, version: 6.1.7601.17621 (win7sp1_gdr.110523-2108)
	DEVOBJ.dll C:\Windows\syswow64\, date: 2011-12-08, size: 64512, version: 6.1.7601.17621 (win7sp1_gdr.110523-2108)
	nvdxgiwrap.dll C:\Program Files (x86)\NVIDIA Corporation\CoProcManager\, date: 2015-04-08, size: 108424, version: 9.18.13.4535
	uxtheme.dll C:\Windows\system32\, date: 2009-07-13, size: 245760, version: 6.1.7600.16385 (win7_rtm.090713-1255)
	VFP6ENU.DLL C:\Program Files (x86)\Microsoft Visual Studio\Vfp98\, date: 1998-06-16, size: 1094144, version: 6.0.8167.0
	dwmapi.dll C:\Windows\system32\, date: 2015-07-09, size: 67584, version: 6.1.7600.16385 (win7_rtm.090713-1255)
	SXS.DLL C:\Windows\system32\, date: 2010-11-20, size: 380416, version: 6.1.7600.16385 (win7_rtm.090713-1255)
	CRYPTSP.dll C:\Windows\system32\, date: 2015-02-02, size: 81408, version: 6.1.7601.18741 (win7sp1_gdr.150202-1526)
	rsaenh.dll C:\Windows\system32\, date: 2009-07-13, size: 242936, version: 6.1.7600.16385 (win7_rtm.090713-1255)
	RpcRtRemote.dll C:\Windows\system32\, date: 2010-11-20, size: 46080, version: 6.1.7601.17514 (win7sp1_rtm.101119-1850)
	CLBCatQ.DLL C:\Windows\syswow64\, date: 2009-07-13, size: 522240, version: 2001.12.8530.16385 (win7_rtm.090713-1255)
	VSHELP.DLL C:\Program Files (x86)\Common Files\Microsoft Shared\VS98\, date: 1998-05-26, size: 116938, version: 6.00.8146
	vshelpui.dll C:\Program Files (x86)\Common Files\Microsoft Shared\VS98\Resources\1033\, date: 1998-06-06, size: 18432, version: 6.00.8159
	hhctrl.ocx C:\Windows\system32\, date: 2009-07-13, size: 523776, version: 6.1.7600.16385 (win7_rtm.090713-1255)
	profapi.dll C:\Windows\syswow64\, date: 2009-07-13, size: 31744, version: 6.1.7600.16385 (win7_rtm.090713-1255)
	ntmarta.dll C:\Windows\system32\, date: 2009-07-13, size: 121856, version: 6.1.7600.16385 (win7_rtm.090713-1255)
	WLDAP32.dll C:\Windows\syswow64\, date: 2010-11-20, size: 269824, version: 6.1.7600.16385 (win7_rtm.090713-1255)
	drprov.dll C:\Windows\System32\, date: 2009-07-13, size: 18944, version: 6.1.7600.16385 (win7_rtm.090713-1255)
	WINSTA.dll C:\Windows\System32\, date: 2014-07-16, size: 157696, version: 6.1.7601.18540 (win7sp1_gdr.140716-1508)
	ntlanman.dll C:\Windows\System32\, date: 2010-11-20, size: 69120, version: 6.1.7600.16385 (win7_rtm.090713-1255)
	davclnt.dll C:\Windows\System32\, date: 2015-07-01, size: 82432, version: 6.1.7601.18912 (win7sp1_gdr.150701-0844)
	DAVHLPR.dll C:\Windows\System32\, date: 2009-07-13, size: 19456, version: 6.1.7600.16385 (win7_rtm.090713-1255)
	wkscli.dll C:\Windows\system32\, date: 2010-11-20, size: 47104, version: 6.1.7601.17514 (win7sp1_rtm.101119-1850)
	cscapi.dll C:\Windows\system32\, date: 2010-11-20, size: 34816, version: 6.1.7601.17514 (win7sp1_rtm.101119-1850)
	netutils.dll C:\Windows\system32\, date: 2010-11-20, size: 22528, version: 6.1.7601.17514 (win7sp1_rtm.101119-1850)
	comctl32.dll C:\Windows\WinSxS\x86_microsoft.windows.common-controls_6595b64144ccf1df_6.0.7601.18837_none_41e855142bd5705d\, date: 2015-04-24, size: 1680896, version: 6.10 (win7_rtm.090713-1255)
	propsys.dll C:\Windows\system32\, date: 2010-11-20, size: 988160, version: 7.00.7600.16385 (win7_rtm.090713-1255)
	tiptsf.dll C:\Program Files (x86)\Common Files\microsoft shared\ink\, date: 2015-09-01, size: 348672, version: 6.1.7600.16385 (win7_rtm.090713-1255)
	WindowsCodecs.dll C:\Windows\system32\, date: 2015-02-02, size: 1230848, version: 6.2.9200.17251 (win8_gdr.150128-1514)
	EhStorShell.dll C:\Windows\system32\, date: 2009-07-13, size: 189952, version: 6.1.7600.16385 (win7_rtm.090713-1255)
	GROOVEEX.DLL C:\PROGRA~2\MIF5BA~1\Office14\, date: 2013-12-19, size: 4171480, version: 14.0.7113.5005
	MSVCR90.dll C:\Windows\WinSxS\x86_microsoft.vc90.crt_1fc8b3b9a1e18e3b_9.0.30729.6161_none_50934f2ebcb7eb57\, date: 2013-04-16, size: 653136, version: 9.00.30729.6161
	MSVCP90.dll C:\Windows\WinSxS\x86_microsoft.vc90.crt_1fc8b3b9a1e18e3b_9.0.30729.6161_none_50934f2ebcb7eb57\, date: 2013-04-16, size: 569680, version: 9.00.30729.6161
	ATL90.DLL C:\Windows\WinSxS\x86_microsoft.vc90.atl_1fc8b3b9a1e18e3b_9.0.30729.6161_none_51cd0a7abbe4e19b\, date: 2013-04-16, size: 159048, version: 9.00.30729.6161
	office.odf C:\PROGRA~2\COMMON~1\MICROS~1\OFFICE14\Cultures\, date: 2013-09-05, size: 4300456, version: 14.0.7109.5000
	GrooveIntlResource.dll C:\PROGRA~2\MIF5BA~1\Office14\1033\, date: 2010-10-20, size: 8801120, version: 
	ntshrui.dll C:\Windows\system32\, date: 2013-04-16, size: 442880, version: 6.1.7600.16385 (win7_rtm.090713-1255)
	srvcli.dll C:\Windows\system32\, date: 2010-11-20, size: 90112, version: 6.1.7601.17514 (win7sp1_rtm.101119-1850)
	slc.dll C:\Windows\system32\, date: 2009-07-13, size: 27136, version: 6.1.7600.16385 (win7_rtm.090713-1255)
	StructuredQuery.dll C:\Windows\System32\, date: 2016-05-11, size: 363520, version: 7.00.7601.23451 (win7sp1_ldr.160511-0600)
	Secur32.dll C:\Windows\System32\, date: 2016-07-08, size: 22016, version: 6.1.7601.23497 (win7sp1_ldr.160708-0600)
	actxprxy.dll C:\Windows\SysWOW64\, date: 2010-11-20, size: 309760, version: 6.1.7601.17514 (win7sp1_rtm.101119-1850)
	docobj.dll C:\Windows\SysWow64\, date: 1997-07-11, size: 36864, version: 8.0.3314
	thumbcache.dll C:\Windows\SysWOW64\, date: 2010-11-20, size: 82944, version: 6.1.7600.16385 (win7_rtm.090713-1255)
	PSAPI.DLL C:\Windows\syswow64\, date: 2009-07-13, size: 6144, version: 6.1.7600.16385 (win7_rtm.090713-1255)
	SearchFolder.dll C:\Windows\system32\, date: 2010-11-20, size: 646144, version: 6.1.7600.16385 (win7_rtm.090713-1255)
	SHDOCVW.dll C:\Windows\system32\, date: 2013-07-25, size: 180224, version: 6.1.7601.18222 (win7sp1_gdr.130725-1535)
	ieframe.DLL C:\Windows\system32\, date: 2016-08-02, size: 13808128, version: 11.00.9600.18427 (winblue_ltsb_escrow.160801-1857)
	api-ms-win-downlevel-advapi32-l1-1-0.dll C:\Windows\syswow64\, date:     -  -  , size: 0, version: 6.2.9200.16492 (win8_gdr_oobssr.130113-0015)
	api-ms-win-downlevel-shlwapi-l1-1-0.dll C:\Windows\syswow64\, date:     -  -  , size: 0, version: 6.2.9200.16492 (win8_gdr_oobssr.130113-0015)
	api-ms-win-downlevel-user32-l1-1-0.dll C:\Windows\syswow64\, date:     -  -  , size: 0, version: 6.2.9200.16492 (win8_gdr_oobssr.130113-0015)
	api-ms-win-downlevel-shell32-l1-1-0.dll C:\Windows\system32\, date:     -  -  , size: 0, version: 6.2.9200.16492 (win8_gdr_oobssr.130113-0015)
	api-ms-win-downlevel-version-l1-1-0.dll C:\Windows\syswow64\, date:     -  -  , size: 0, version: 6.2.9200.16492 (win8_gdr_oobssr.130113-0015)
	api-ms-win-downlevel-normaliz-l1-1-0.dll C:\Windows\syswow64\, date:     -  -  , size: 0, version: 6.2.9200.16492 (win8_gdr_oobssr.130113-0015)
	normaliz.DLL C:\Windows\syswow64\, date: 2009-07-13, size: 2048, version: 6.1.7600.16385 (win7_rtm.090713-1255)
	iertutil.dll C:\Windows\syswow64\, date: 2016-08-02, size: 2286592, version: 11.00.9600.18427 (winblue_ltsb_escrow.160801-1857)
	api-ms-win-downlevel-shlwapi-l2-1-0.dll C:\Windows\system32\, date:     -  -  , size: 0, version: 6.2.9200.16492 (win8_gdr_oobssr.130113-0015)
	NetworkExplorer.dll C:\Windows\system32\, date: 2010-11-20, size: 1661440, version: 6.1.7600.16385 (win7_rtm.090713-1255)
	urlmon.dll C:\Windows\syswow64\, date: 2016-08-01, size: 1316352, version: 11.00.9600.18427 (winblue_ltsb_escrow.160801-1857)
	api-ms-win-downlevel-ole32-l1-1-0.dll C:\Windows\syswow64\, date:     -  -  , size: 0, version: 6.2.9200.16492 (win8_gdr_oobssr.130113-0015)
	WININET.dll C:\Windows\syswow64\, date: 2016-08-01, size: 2393088, version: 11.00.9600.16428 (winblue_gdr.131013-1700)
	USERENV.dll C:\Windows\syswow64\, date: 2010-11-20, size: 81920, version: 6.1.7600.16385 (win7_rtm.090713-1255)
	DUser.dll C:\Windows\system32\, date: 2009-07-13, size: 181248, version: 6.1.7600.16385 (win7_rtm.090713-1255)
	cscobj.dll C:\Windows\System32\, date: 2010-11-20, size: 139264, version: 6.1.7600.16385 (win7_rtm.090713-1255)
	xfrxlib.fll m:\legacy_apps\fracctreports_master\xfrx\, date: 2013-10-31, size: 86016, version: 
	gdiplus.dll C:\Windows\WinSxS\x86_microsoft.windows.gdiplus_6595b64144ccf1df_1.1.7601.23508_none_5c028c09a01213b0\, date: 2016-07-29, size: 1628160, version: 6.1.7601.23508 (win7sp1_ldr.160729-0600)
	MSVCP71.dll C:\Windows\system32\, date: 2010-12-23, size: 499712, version: 7.10.3077.0
	MSVCR71.dll C:\Windows\system32\, date: 2010-12-23, size: 348160, version: 7.10.3052.4
	hndlib.dll m:\legacy_apps\fracctreports_master\xfrx\, date: 2013-05-03, size: 131072, version: 
	zlib.dll C:\Windows\system32\, date: 2005-12-12, size: 72192, version: 1.2.1.0
	CRTDLL.dll C:\Windows\system32\, date: 2009-07-13, size: 149019, version: 4.00


PRINTERS:
	Printer name: Snagit 13 Port: C:\ProgramData\TechSmith\Snagit 13\PrinterPortFile
		dmDeviceName:    
		dmSpecVersion:             0 0x00000000
		dmDriverVersion:           0 0x00000000
		dmSize:                    0 0x00000000
		dmDriverExtra:             0 0x00000000
		dmFields:                  0 0x00000000
		dmDriverExtraData: 0x

	Printer name: Quicken PDF Printer Port: NUL:
		dmDeviceName:    
		dmSpecVersion:             0 0x00000000
		dmDriverVersion:           0 0x00000000
		dmSize:                    0 0x00000000
		dmDriverExtra:             0 0x00000000
		dmFields:                  0 0x00000000
		dmDriverExtraData: 0x

	Printer name: Nitro PDF Creator 2 Port: Nitro PDF Port:
		dmDeviceName:    
		dmSpecVersion:             0 0x00000000
		dmDriverVersion:           0 0x00000000
		dmSize:                    0 0x00000000
		dmDriverExtra:             0 0x00000000
		dmFields:                  0 0x00000000
		dmDriverExtraData: 0x

	Printer name: Nitro PDF Creator (Pro 8) Port: Nitro PDF Port:
		dmDeviceName:    
		dmSpecVersion:             0 0x00000000
		dmDriverVersion:           0 0x00000000
		dmSize:                    0 0x00000000
		dmDriverExtra:             0 0x00000000
		dmFields:                  0 0x00000000
		dmDriverExtraData: 0x

	Printer name: MIS Port: 192.168.3.216
		dmDeviceName:    
		dmSpecVersion:             0 0x00000000
		dmDriverVersion:           0 0x00000000
		dmSize:                    0 0x00000000
		dmDriverExtra:             0 0x00000000
		dmFields:                  0 0x00000000
		dmDriverExtraData: 0x

	Printer name: Microsoft XPS Document Writer Port: XPSPort:
		dmDeviceName:    
		dmSpecVersion:             0 0x00000000
		dmDriverVersion:           0 0x00000000
		dmSize:                    0 0x00000000
		dmDriverExtra:             0 0x00000000
		dmFields:                  0 0x00000000
		dmDriverExtraData: 0x

	Printer name: JKPDF Port: CPWPT025:
		dmDeviceName:    
		dmSpecVersion:             0 0x00000000
		dmDriverVersion:           0 0x00000000
		dmSize:                    0 0x00000000
		dmDriverExtra:             0 0x00000000
		dmFields:                  0 0x00000000
		dmDriverExtraData: 0x

	Printer name: HP LaserJet M506 in Lawrence's Office Port: WSD-40cd5fdd-095f-4ebc-afa2-f175443576e9.006d
		dmDeviceName:    
		dmSpecVersion:             0 0x00000000
		dmDriverVersion:           0 0x00000000
		dmSize:                    0 0x00000000
		dmDriverExtra:             0 0x00000000
		dmFields:                  0 0x00000000
		dmDriverExtraData: 0x

	Printer name: HP LaserJet 1020 Port: USB001
		dmDeviceName:    
		dmSpecVersion:             0 0x00000000
		dmDriverVersion:           0 0x00000000
		dmSize:                    0 0x00000000
		dmDriverExtra:             0 0x00000000
		dmFields:                  0 0x00000000
		dmDriverExtraData: 0x

	Printer name: Fax Port: SHRFAX:
		dmDeviceName:    
		dmSpecVersion:             0 0x00000000
		dmDriverVersion:           0 0x00000000
		dmSize:                    0 0x00000000
		dmDriverExtra:             0 0x00000000
		dmFields:                  0 0x00000000
		dmDriverExtraData: 0x

	Printer name: Copier Port: 192.168.3.229
		dmDeviceName:    
		dmSpecVersion:             0 0x00000000
		dmDriverVersion:           0 0x00000000
		dmSize:                    0 0x00000000
		dmDriverExtra:             0 0x00000000
		dmFields:                  0 0x00000000
		dmDriverExtraData: 0x

